[debug] [2024-08-20T02:12:37.230Z] ----------------------------------------------------------------------
[debug] [2024-08-20T02:12:37.236Z] Command:       C:\Program Files\nodejs\node.exe C:\Users\neoma\AppData\Roaming\npm\node_modules\firebase-tools\lib\bin\firebase.js login
[debug] [2024-08-20T02:12:37.237Z] CLI Version:   13.15.2
[debug] [2024-08-20T02:12:37.237Z] Platform:      win32
[debug] [2024-08-20T02:12:37.237Z] Node Version:  v20.11.1
[debug] [2024-08-20T02:12:37.237Z] Time:          Mon Aug 19 2024 23:12:37 GMT-0300 (Horário Padrão de Brasília)
[debug] [2024-08-20T02:12:37.238Z] ----------------------------------------------------------------------
[debug] 
[debug] [2024-08-20T02:12:37.244Z] >>> [apiv2][query] GET https://firebase-public.firebaseio.com/cli.json [none]
[info] i  Firebase optionally collects CLI and Emulator Suite usage and error reporting information to help improve our products. Data is collected in accordance with Google's privacy policy (https://policies.google.com/privacy) and is not used to identify you.
 
[debug] [2024-08-20T02:12:38.012Z] <<< [apiv2][status] GET https://firebase-public.firebaseio.com/cli.json 200
[debug] [2024-08-20T02:12:38.013Z] <<< [apiv2][body] GET https://firebase-public.firebaseio.com/cli.json {"cloudBuildErrorAfter":1594252800000,"cloudBuildWarnAfter":1590019200000,"defaultNode10After":1594252800000,"minVersion":"3.0.5","node8DeploysDisabledAfter":1613390400000,"node8RuntimeDisabledAfter":1615809600000,"node8WarnAfter":1600128000000}
[warn] !  Unable to fetch the CLI MOTD and remote config. This is not a fatal error, but may indicate an issue with your network connection. 
[debug] [2024-08-20T02:12:38.023Z] Failed to fetch MOTD Error: EPERM: operation not permitted, mkdir 'C:\Users\neoma\.config\configstore'
[debug] [2024-08-20T02:13:17.532Z] Error: EPERM: operation not permitted, mkdir 'C:\Users\neoma\.config\configstore'
    at Object.mkdirSync (node:fs:1380:26)
    at module.exports.sync (C:\Users\neoma\AppData\Roaming\npm\node_modules\firebase-tools\node_modules\make-dir\index.js:114:6)
    at set all [as all] (C:\Users\neoma\AppData\Roaming\npm\node_modules\firebase-tools\node_modules\configstore\index.js:59:12)
    at Configstore.set (C:\Users\neoma\AppData\Roaming\npm\node_modules\firebase-tools\node_modules\configstore\index.js:91:12)
    at Command.actionFn (C:\Users\neoma\AppData\Roaming\npm\node_modules\firebase-tools\lib\commands\login.js:36:35)
    at process.processTicksAndRejections (node:internal/process/task_queues:95:5)
[error] 
[error] Error: An unexpected error has occurred.
[debug] [2024-08-20T02:13:17.858Z] Error: EPERM: operation not permitted, mkdir 'C:\Users\neoma\.config\configstore'
    at Object.mkdirSync (node:fs:1380:26)
    at module.exports.sync (C:\Users\neoma\AppData\Roaming\npm\node_modules\firebase-tools\node_modules\make-dir\index.js:114:6)
    at set all [as all] (C:\Users\neoma\AppData\Roaming\npm\node_modules\firebase-tools\node_modules\configstore\index.js:59:12)
    at Configstore.set (C:\Users\neoma\AppData\Roaming\npm\node_modules\firebase-tools\node_modules\configstore\index.js:91:12)
    at process.<anonymous> (C:\Users\neoma\AppData\Roaming\npm\node_modules\firebase-tools\lib\bin\firebase.js:100:35)
    at process.emit (node:events:530:35)
    at process.emit (node:domain:488:12)
    at process.exit (node:internal/process/per_thread:192:15)
    at Timeout._onTimeout (C:\Users\neoma\AppData\Roaming\npm\node_modules\firebase-tools\lib\errorOut.js:20:17)
    at listOnTimeout (node:internal/timers:573:17)
[error] 
[error] Error: An unexpected error has occurred.
